::1 - - [05/Aug/2020:04:31:22 +0000] "GET / HTTP/1.1" 200 1623 "-" "Mozilla/5.0 (Windows NT 10.0; Win64; x64) AppleWebKit/537.36 (KHTML, like Gecko) Chrome/84.0.4147.105 Safari/537.36"
::1 - - [05/Aug/2020:04:31:22 +0000] "GET /assets/css/main.css HTTP/1.1" 200 5020 "http://localhost:3001/" "Mozilla/5.0 (Windows NT 10.0; Win64; x64) AppleWebKit/537.36 (KHTML, like Gecko) Chrome/84.0.4147.105 Safari/537.36"
::1 - - [05/Aug/2020:04:31:22 +0000] "GET /assets/css/index.css HTTP/1.1" 200 3226 "http://localhost:3001/" "Mozilla/5.0 (Windows NT 10.0; Win64; x64) AppleWebKit/537.36 (KHTML, like Gecko) Chrome/84.0.4147.105 Safari/537.36"
::1 - - [05/Aug/2020:04:31:22 +0000] "GET /assets/js/index.js HTTP/1.1" 200 3346 "http://localhost:3001/" "Mozilla/5.0 (Windows NT 10.0; Win64; x64) AppleWebKit/537.36 (KHTML, like Gecko) Chrome/84.0.4147.105 Safari/537.36"
::1 - - [05/Aug/2020:04:31:23 +0000] "GET /assets/audio/index_btn.mp3 HTTP/1.1" 206 2854 "http://localhost:3001/" "Mozilla/5.0 (Windows NT 10.0; Win64; x64) AppleWebKit/537.36 (KHTML, like Gecko) Chrome/84.0.4147.105 Safari/537.36"
::1 - - [05/Aug/2020:04:31:23 +0000] "GET /assets/audio/intro.mp3 HTTP/1.1" 206 169870 "http://localhost:3001/" "Mozilla/5.0 (Windows NT 10.0; Win64; x64) AppleWebKit/537.36 (KHTML, like Gecko) Chrome/84.0.4147.105 Safari/537.36"
::1 - - [05/Aug/2020:04:31:23 +0000] "GET /assets/images/beauty2.jpg HTTP/1.1" 200 109905 "http://localhost:3001/" "Mozilla/5.0 (Windows NT 10.0; Win64; x64) AppleWebKit/537.36 (KHTML, like Gecko) Chrome/84.0.4147.105 Safari/537.36"
::1 - - [05/Aug/2020:04:31:25 +0000] "GET /home HTTP/1.1" 200 15138 "http://localhost:3001/" "Mozilla/5.0 (Windows NT 10.0; Win64; x64) AppleWebKit/537.36 (KHTML, like Gecko) Chrome/84.0.4147.105 Safari/537.36"
::1 - - [05/Aug/2020:04:31:25 +0000] "GET /assets/js/app.js HTTP/1.1" 200 351 "http://localhost:3001/home" "Mozilla/5.0 (Windows NT 10.0; Win64; x64) AppleWebKit/537.36 (KHTML, like Gecko) Chrome/84.0.4147.105 Safari/537.36"
::1 - - [05/Aug/2020:04:31:25 +0000] "GET /assets/css/main.css HTTP/1.1" 304 - "http://localhost:3001/home" "Mozilla/5.0 (Windows NT 10.0; Win64; x64) AppleWebKit/537.36 (KHTML, like Gecko) Chrome/84.0.4147.105 Safari/537.36"
::1 - - [05/Aug/2020:04:31:25 +0000] "GET /style-desktop.css HTTP/1.1" 200 2479 "http://localhost:3001/home" "Mozilla/5.0 (Windows NT 10.0; Win64; x64) AppleWebKit/537.36 (KHTML, like Gecko) Chrome/84.0.4147.105 Safari/537.36"
::1 - - [05/Aug/2020:04:31:25 +0000] "GET /src/settings.js HTTP/1.1" 200 12157 "http://localhost:3001/home" "Mozilla/5.0 (Windows NT 10.0; Win64; x64) AppleWebKit/537.36 (KHTML, like Gecko) Chrome/84.0.4147.105 Safari/537.36"
::1 - - [05/Aug/2020:04:31:25 +0000] "GET /main.js HTTP/1.1" 200 7574 "http://localhost:3001/home" "Mozilla/5.0 (Windows NT 10.0; Win64; x64) AppleWebKit/537.36 (KHTML, like Gecko) Chrome/84.0.4147.105 Safari/537.36"
::1 - - [05/Aug/2020:04:31:25 +0000] "GET /res/raw-assets/Texture/Super%20Mario%20Bros/mario/smallmario/marioL/0.png HTTP/1.1" 200 2773 "http://localhost:3001/home" "Mozilla/5.0 (Windows NT 10.0; Win64; x64) AppleWebKit/537.36 (KHTML, like Gecko) Chrome/84.0.4147.105 Safari/537.36"
::1 - - [05/Aug/2020:04:31:25 +0000] "GET /res/raw-assets/Texture/Super%20Mario%20Bros/mario/smallmario/marioL/1.png HTTP/1.1" 200 2936 "http://localhost:3001/home" "Mozilla/5.0 (Windows NT 10.0; Win64; x64) AppleWebKit/537.36 (KHTML, like Gecko) Chrome/84.0.4147.105 Safari/537.36"
::1 - - [05/Aug/2020:04:31:25 +0000] "GET /res/raw-assets/Texture/Super%20Mario%20Bros/mario/smallmario/marioL/2.png HTTP/1.1" 200 2821 "http://localhost:3001/home" "Mozilla/5.0 (Windows NT 10.0; Win64; x64) AppleWebKit/537.36 (KHTML, like Gecko) Chrome/84.0.4147.105 Safari/537.36"
::1 - - [05/Aug/2020:04:31:25 +0000] "GET /res/raw-assets/Texture/Super%20Mario%20Bros/mario/smallmario/marioL/3.png HTTP/1.1" 200 2651 "http://localhost:3001/home" "Mozilla/5.0 (Windows NT 10.0; Win64; x64) AppleWebKit/537.36 (KHTML, like Gecko) Chrome/84.0.4147.105 Safari/537.36"
::1 - - [05/Aug/2020:04:31:25 +0000] "GET /res/raw-assets/Texture/Super%20Mario%20Bros/mario/smallmario/marioL/4.png HTTP/1.1" 200 2713 "http://localhost:3001/home" "Mozilla/5.0 (Windows NT 10.0; Win64; x64) AppleWebKit/537.36 (KHTML, like Gecko) Chrome/84.0.4147.105 Safari/537.36"
::1 - - [05/Aug/2020:04:31:25 +0000] "GET /res/raw-assets/Texture/Super%20Mario%20Bros/mario/smallmario/marioL/5.png HTTP/1.1" 200 2747 "http://localhost:3001/home" "Mozilla/5.0 (Windows NT 10.0; Win64; x64) AppleWebKit/537.36 (KHTML, like Gecko) Chrome/84.0.4147.105 Safari/537.36"
::1 - - [05/Aug/2020:04:31:25 +0000] "GET /res/raw-assets/Texture/Super%20Mario%20Bros/mario/smallmario/marioL/7.png HTTP/1.1" 200 2660 "http://localhost:3001/home" "Mozilla/5.0 (Windows NT 10.0; Win64; x64) AppleWebKit/537.36 (KHTML, like Gecko) Chrome/84.0.4147.105 Safari/537.36"
::1 - - [05/Aug/2020:04:31:25 +0000] "GET /res/raw-assets/Texture/Super%20Mario%20Bros/mario/smallmario/marioL/8.png HTTP/1.1" 200 2581 "http://localhost:3001/home" "Mozilla/5.0 (Windows NT 10.0; Win64; x64) AppleWebKit/537.36 (KHTML, like Gecko) Chrome/84.0.4147.105 Safari/537.36"
::1 - - [05/Aug/2020:04:31:25 +0000] "GET /res/raw-assets/Texture/Super%20Mario%20Bros/mario/smallmario/marioL/9.png HTTP/1.1" 200 2650 "http://localhost:3001/home" "Mozilla/5.0 (Windows NT 10.0; Win64; x64) AppleWebKit/537.36 (KHTML, like Gecko) Chrome/84.0.4147.105 Safari/537.36"
::1 - - [05/Aug/2020:04:31:25 +0000] "GET /res/raw-assets/Texture/Super%20Mario%20Bros/mario/smallmario/marioL/10.png HTTP/1.1" 200 2619 "http://localhost:3001/home" "Mozilla/5.0 (Windows NT 10.0; Win64; x64) AppleWebKit/537.36 (KHTML, like Gecko) Chrome/84.0.4147.105 Safari/537.36"
::1 - - [05/Aug/2020:04:31:25 +0000] "GET /res/raw-assets/Texture/Super%20Mario%20Bros/mario/smallmario/marioL/11.png HTTP/1.1" 200 2627 "http://localhost:3001/home" "Mozilla/5.0 (Windows NT 10.0; Win64; x64) AppleWebKit/537.36 (KHTML, like Gecko) Chrome/84.0.4147.105 Safari/537.36"
::1 - - [05/Aug/2020:04:31:25 +0000] "GET /res/raw-assets/Texture/Super%20Mario%20Bros/mario/smallmario/marioL/12.png HTTP/1.1" 200 2563 "http://localhost:3001/home" "Mozilla/5.0 (Windows NT 10.0; Win64; x64) AppleWebKit/537.36 (KHTML, like Gecko) Chrome/84.0.4147.105 Safari/537.36"
::1 - - [05/Aug/2020:04:31:25 +0000] "GET /res/raw-assets/Texture/Super%20Mario%20Bros/mario/smallmario/marioL/13.png HTTP/1.1" 200 2570 "http://localhost:3001/home" "Mozilla/5.0 (Windows NT 10.0; Win64; x64) AppleWebKit/537.36 (KHTML, like Gecko) Chrome/84.0.4147.105 Safari/537.36"
::1 - - [05/Aug/2020:04:31:25 +0000] "GET /res/raw-assets/Texture/Super%20Mario%20Bros/mario/smallmario/marioL/6.png HTTP/1.1" 200 2706 "http://localhost:3001/home" "Mozilla/5.0 (Windows NT 10.0; Win64; x64) AppleWebKit/537.36 (KHTML, like Gecko) Chrome/84.0.4147.105 Safari/537.36"
::1 - - [05/Aug/2020:04:31:26 +0000] "GET /res/raw-assets/Texture/Super%20Mario%20Bros/mario/smallmario/marioL/14.png HTTP/1.1" 200 2472 "http://localhost:3001/home" "Mozilla/5.0 (Windows NT 10.0; Win64; x64) AppleWebKit/537.36 (KHTML, like Gecko) Chrome/84.0.4147.105 Safari/537.36"
::1 - - [05/Aug/2020:04:31:26 +0000] "GET /res/raw-assets/Texture/Super%20Mario%20Bros/mario/smallmario/marioL/15.png HTTP/1.1" 200 2437 "http://localhost:3001/home" "Mozilla/5.0 (Windows NT 10.0; Win64; x64) AppleWebKit/537.36 (KHTML, like Gecko) Chrome/84.0.4147.105 Safari/537.36"
::1 - - [05/Aug/2020:04:31:26 +0000] "GET /res/raw-assets/Texture/Super%20Mario%20Bros/mario/smallmario/marioL/16.png HTTP/1.1" 200 2377 "http://localhost:3001/home" "Mozilla/5.0 (Windows NT 10.0; Win64; x64) AppleWebKit/537.36 (KHTML, like Gecko) Chrome/84.0.4147.105 Safari/537.36"
::1 - - [05/Aug/2020:04:31:26 +0000] "GET /res/raw-assets/Texture/Super%20Mario%20Bros/mario/smallmario/marioL/17.png HTTP/1.1" 200 2557 "http://localhost:3001/home" "Mozilla/5.0 (Windows NT 10.0; Win64; x64) AppleWebKit/537.36 (KHTML, like Gecko) Chrome/84.0.4147.105 Safari/537.36"
::1 - - [05/Aug/2020:04:31:26 +0000] "GET /res/raw-assets/Texture/Super%20Mario%20Bros/mario/smallmario/marioL/18.png HTTP/1.1" 200 2614 "http://localhost:3001/home" "Mozilla/5.0 (Windows NT 10.0; Win64; x64) AppleWebKit/537.36 (KHTML, like Gecko) Chrome/84.0.4147.105 Safari/537.36"
::1 - - [05/Aug/2020:04:31:26 +0000] "GET /res/raw-assets/Texture/Super%20Mario%20Bros/mario/smallmario/marioL/19.png HTTP/1.1" 200 2742 "http://localhost:3001/home" "Mozilla/5.0 (Windows NT 10.0; Win64; x64) AppleWebKit/537.36 (KHTML, like Gecko) Chrome/84.0.4147.105 Safari/537.36"
::1 - - [05/Aug/2020:04:31:26 +0000] "GET /res/raw-assets/Texture/Super%20Mario%20Bros/mario/smallmario/marioL/20.png HTTP/1.1" 200 2782 "http://localhost:3001/home" "Mozilla/5.0 (Windows NT 10.0; Win64; x64) AppleWebKit/537.36 (KHTML, like Gecko) Chrome/84.0.4147.105 Safari/537.36"
::1 - - [05/Aug/2020:04:31:26 +0000] "GET /res/raw-assets/Texture/Super%20Mario%20Bros/mario/smallmario/marioL/21.png HTTP/1.1" 200 2782 "http://localhost:3001/home" "Mozilla/5.0 (Windows NT 10.0; Win64; x64) AppleWebKit/537.36 (KHTML, like Gecko) Chrome/84.0.4147.105 Safari/537.36"
::1 - - [05/Aug/2020:04:31:26 +0000] "GET /res/raw-assets/Texture/Super%20Mario%20Bros/mario/smallmario/marioR/0.png HTTP/1.1" 200 2759 "http://localhost:3001/home" "Mozilla/5.0 (Windows NT 10.0; Win64; x64) AppleWebKit/537.36 (KHTML, like Gecko) Chrome/84.0.4147.105 Safari/537.36"
::1 - - [05/Aug/2020:04:31:26 +0000] "GET /res/raw-assets/Texture/Super%20Mario%20Bros/mario/smallmario/marioR/1.png HTTP/1.1" 200 2951 "http://localhost:3001/home" "Mozilla/5.0 (Windows NT 10.0; Win64; x64) AppleWebKit/537.36 (KHTML, like Gecko) Chrome/84.0.4147.105 Safari/537.36"
::1 - - [05/Aug/2020:04:31:26 +0000] "GET /res/raw-assets/Texture/Super%20Mario%20Bros/mario/smallmario/marioR/2.png HTTP/1.1" 200 2828 "http://localhost:3001/home" "Mozilla/5.0 (Windows NT 10.0; Win64; x64) AppleWebKit/537.36 (KHTML, like Gecko) Chrome/84.0.4147.105 Safari/537.36"
::1 - - [05/Aug/2020:04:31:26 +0000] "GET /res/raw-assets/Texture/Super%20Mario%20Bros/mario/smallmario/marioR/3.png HTTP/1.1" 200 2646 "http://localhost:3001/home" "Mozilla/5.0 (Windows NT 10.0; Win64; x64) AppleWebKit/537.36 (KHTML, like Gecko) Chrome/84.0.4147.105 Safari/537.36"
::1 - - [05/Aug/2020:04:31:26 +0000] "GET /res/raw-assets/Texture/Super%20Mario%20Bros/mario/smallmario/marioR/4.png HTTP/1.1" 200 2701 "http://localhost:3001/home" "Mozilla/5.0 (Windows NT 10.0; Win64; x64) AppleWebKit/537.36 (KHTML, like Gecko) Chrome/84.0.4147.105 Safari/537.36"
::1 - - [05/Aug/2020:04:31:26 +0000] "GET /res/raw-assets/Texture/Super%20Mario%20Bros/mario/smallmario/marioR/6.png HTTP/1.1" 200 2706 "http://localhost:3001/home" "Mozilla/5.0 (Windows NT 10.0; Win64; x64) AppleWebKit/537.36 (KHTML, like Gecko) Chrome/84.0.4147.105 Safari/537.36"
::1 - - [05/Aug/2020:04:31:26 +0000] "GET /res/raw-assets/Texture/Super%20Mario%20Bros/mario/smallmario/marioR/7.png HTTP/1.1" 200 2647 "http://localhost:3001/home" "Mozilla/5.0 (Windows NT 10.0; Win64; x64) AppleWebKit/537.36 (KHTML, like Gecko) Chrome/84.0.4147.105 Safari/537.36"
::1 - - [05/Aug/2020:04:31:26 +0000] "GET /res/raw-assets/Texture/Super%20Mario%20Bros/mario/smallmario/marioR/5.png HTTP/1.1" 200 2718 "http://localhost:3001/home" "Mozilla/5.0 (Windows NT 10.0; Win64; x64) AppleWebKit/537.36 (KHTML, like Gecko) Chrome/84.0.4147.105 Safari/537.36"
::1 - - [05/Aug/2020:04:31:26 +0000] "GET /res/raw-assets/Texture/Super%20Mario%20Bros/mario/smallmario/marioR/8.png HTTP/1.1" 200 2609 "http://localhost:3001/home" "Mozilla/5.0 (Windows NT 10.0; Win64; x64) AppleWebKit/537.36 (KHTML, like Gecko) Chrome/84.0.4147.105 Safari/537.36"
::1 - - [05/Aug/2020:04:31:26 +0000] "GET /res/raw-assets/Texture/Super%20Mario%20Bros/mario/smallmario/marioR/9.png HTTP/1.1" 200 2663 "http://localhost:3001/home" "Mozilla/5.0 (Windows NT 10.0; Win64; x64) AppleWebKit/537.36 (KHTML, like Gecko) Chrome/84.0.4147.105 Safari/537.36"
::1 - - [05/Aug/2020:04:31:26 +0000] "GET /res/raw-assets/Texture/Super%20Mario%20Bros/mario/smallmario/marioR/10.png HTTP/1.1" 200 2585 "http://localhost:3001/home" "Mozilla/5.0 (Windows NT 10.0; Win64; x64) AppleWebKit/537.36 (KHTML, like Gecko) Chrome/84.0.4147.105 Safari/537.36"
::1 - - [05/Aug/2020:04:31:26 +0000] "GET /res/raw-assets/Texture/Super%20Mario%20Bros/mario/smallmario/marioR/11.png HTTP/1.1" 200 2674 "http://localhost:3001/home" "Mozilla/5.0 (Windows NT 10.0; Win64; x64) AppleWebKit/537.36 (KHTML, like Gecko) Chrome/84.0.4147.105 Safari/537.36"
::1 - - [05/Aug/2020:04:31:26 +0000] "GET /res/raw-assets/Texture/Super%20Mario%20Bros/mario/smallmario/marioR/12.png HTTP/1.1" 200 2599 "http://localhost:3001/home" "Mozilla/5.0 (Windows NT 10.0; Win64; x64) AppleWebKit/537.36 (KHTML, like Gecko) Chrome/84.0.4147.105 Safari/537.36"
::1 - - [05/Aug/2020:04:31:26 +0000] "GET /res/raw-assets/Texture/Super%20Mario%20Bros/mario/smallmario/marioR/13.png HTTP/1.1" 200 2550 "http://localhost:3001/home" "Mozilla/5.0 (Windows NT 10.0; Win64; x64) AppleWebKit/537.36 (KHTML, like Gecko) Chrome/84.0.4147.105 Safari/537.36"
::1 - - [05/Aug/2020:04:31:26 +0000] "GET /res/raw-assets/Texture/Super%20Mario%20Bros/mario/smallmario/marioR/14.png HTTP/1.1" 200 2500 "http://localhost:3001/home" "Mozilla/5.0 (Windows NT 10.0; Win64; x64) AppleWebKit/537.36 (KHTML, like Gecko) Chrome/84.0.4147.105 Safari/537.36"
::1 - - [05/Aug/2020:04:31:26 +0000] "GET /res/raw-assets/Texture/Super%20Mario%20Bros/mario/smallmario/marioR/15.png HTTP/1.1" 200 2406 "http://localhost:3001/home" "Mozilla/5.0 (Windows NT 10.0; Win64; x64) AppleWebKit/537.36 (KHTML, like Gecko) Chrome/84.0.4147.105 Safari/537.36"
::1 - - [05/Aug/2020:04:31:26 +0000] "GET /res/raw-assets/Texture/Super%20Mario%20Bros/mario/smallmario/marioR/16.png HTTP/1.1" 200 2415 "http://localhost:3001/home" "Mozilla/5.0 (Windows NT 10.0; Win64; x64) AppleWebKit/537.36 (KHTML, like Gecko) Chrome/84.0.4147.105 Safari/537.36"
::1 - - [05/Aug/2020:04:31:26 +0000] "GET /res/raw-assets/Texture/Super%20Mario%20Bros/mario/smallmario/marioR/17.png HTTP/1.1" 200 2548 "http://localhost:3001/home" "Mozilla/5.0 (Windows NT 10.0; Win64; x64) AppleWebKit/537.36 (KHTML, like Gecko) Chrome/84.0.4147.105 Safari/537.36"
::1 - - [05/Aug/2020:04:31:26 +0000] "GET /res/raw-assets/Texture/Super%20Mario%20Bros/mario/smallmario/marioR/18.png HTTP/1.1" 200 2625 "http://localhost:3001/home" "Mozilla/5.0 (Windows NT 10.0; Win64; x64) AppleWebKit/537.36 (KHTML, like Gecko) Chrome/84.0.4147.105 Safari/537.36"
::1 - - [05/Aug/2020:04:31:26 +0000] "GET /res/raw-assets/Texture/Super%20Mario%20Bros/mario/smallmario/marioR/19.png HTTP/1.1" 200 2745 "http://localhost:3001/home" "Mozilla/5.0 (Windows NT 10.0; Win64; x64) AppleWebKit/537.36 (KHTML, like Gecko) Chrome/84.0.4147.105 Safari/537.36"
::1 - - [05/Aug/2020:04:31:26 +0000] "GET /res/raw-assets/Texture/Super%20Mario%20Bros/mario/smallmario/marioR/20.png HTTP/1.1" 200 2815 "http://localhost:3001/home" "Mozilla/5.0 (Windows NT 10.0; Win64; x64) AppleWebKit/537.36 (KHTML, like Gecko) Chrome/84.0.4147.105 Safari/537.36"
::1 - - [05/Aug/2020:04:31:26 +0000] "GET /res/raw-assets/Texture/Super%20Mario%20Bros/mario/smallmario/marioR/21.png HTTP/1.1" 200 2773 "http://localhost:3001/home" "Mozilla/5.0 (Windows NT 10.0; Win64; x64) AppleWebKit/537.36 (KHTML, like Gecko) Chrome/84.0.4147.105 Safari/537.36"
::1 - - [05/Aug/2020:04:31:26 +0000] "GET /res/raw-assets/Texture/Super%20Mario%20Bros/badflower/1.png HTTP/1.1" 200 1486 "http://localhost:3001/home" "Mozilla/5.0 (Windows NT 10.0; Win64; x64) AppleWebKit/537.36 (KHTML, like Gecko) Chrome/84.0.4147.105 Safari/537.36"
::1 - - [05/Aug/2020:04:31:26 +0000] "GET /res/raw-assets/Texture/Super%20Mario%20Bros/badflower/2.png HTTP/1.1" 200 1672 "http://localhost:3001/home" "Mozilla/5.0 (Windows NT 10.0; Win64; x64) AppleWebKit/537.36 (KHTML, like Gecko) Chrome/84.0.4147.105 Safari/537.36"
::1 - - [05/Aug/2020:04:31:26 +0000] "GET /res/raw-assets/Texture/Super%20Mario%20Bros/badflower/3.png HTTP/1.1" 200 1756 "http://localhost:3001/home" "Mozilla/5.0 (Windows NT 10.0; Win64; x64) AppleWebKit/537.36 (KHTML, like Gecko) Chrome/84.0.4147.105 Safari/537.36"
::1 - - [05/Aug/2020:04:31:26 +0000] "GET /res/raw-assets/Texture/Super%20Mario%20Bros/badflower/4.png HTTP/1.1" 200 1795 "http://localhost:3001/home" "Mozilla/5.0 (Windows NT 10.0; Win64; x64) AppleWebKit/537.36 (KHTML, like Gecko) Chrome/84.0.4147.105 Safari/537.36"
::1 - - [05/Aug/2020:04:31:26 +0000] "GET /res/raw-assets/Texture/Super%20Mario%20Bros/badflower/5.png HTTP/1.1" 200 1824 "http://localhost:3001/home" "Mozilla/5.0 (Windows NT 10.0; Win64; x64) AppleWebKit/537.36 (KHTML, like Gecko) Chrome/84.0.4147.105 Safari/537.36"
::1 - - [05/Aug/2020:04:31:26 +0000] "GET /splash.png HTTP/1.1" 200 41484 "http://localhost:3001/style-desktop.css" "Mozilla/5.0 (Windows NT 10.0; Win64; x64) AppleWebKit/537.36 (KHTML, like Gecko) Chrome/84.0.4147.105 Safari/537.36"
::1 - - [05/Aug/2020:04:31:26 +0000] "GET /res/raw-assets/Texture/Super%20Mario%20Bros/badflower/6.png HTTP/1.1" 200 2119 "http://localhost:3001/home" "Mozilla/5.0 (Windows NT 10.0; Win64; x64) AppleWebKit/537.36 (KHTML, like Gecko) Chrome/84.0.4147.105 Safari/537.36"
::1 - - [05/Aug/2020:04:31:26 +0000] "GET /res/raw-assets/Texture/Super%20Mario%20Bros/badflower/7.png HTTP/1.1" 200 2241 "http://localhost:3001/home" "Mozilla/5.0 (Windows NT 10.0; Win64; x64) AppleWebKit/537.36 (KHTML, like Gecko) Chrome/84.0.4147.105 Safari/537.36"
::1 - - [05/Aug/2020:04:31:26 +0000] "GET /res/raw-assets/Texture/Super%20Mario%20Bros/badflower/9.png HTTP/1.1" 200 2463 "http://localhost:3001/home" "Mozilla/5.0 (Windows NT 10.0; Win64; x64) AppleWebKit/537.36 (KHTML, like Gecko) Chrome/84.0.4147.105 Safari/537.36"
::1 - - [05/Aug/2020:04:31:26 +0000] "GET /res/raw-assets/Texture/Super%20Mario%20Bros/badflower/10.png HTTP/1.1" 200 2466 "http://localhost:3001/home" "Mozilla/5.0 (Windows NT 10.0; Win64; x64) AppleWebKit/537.36 (KHTML, like Gecko) Chrome/84.0.4147.105 Safari/537.36"
::1 - - [05/Aug/2020:04:31:26 +0000] "GET /res/raw-assets/Texture/Super%20Mario%20Bros/badflower/11.png HTTP/1.1" 200 2311 "http://localhost:3001/home" "Mozilla/5.0 (Windows NT 10.0; Win64; x64) AppleWebKit/537.36 (KHTML, like Gecko) Chrome/84.0.4147.105 Safari/537.36"
::1 - - [05/Aug/2020:04:31:26 +0000] "GET /res/raw-assets/Texture/Super%20Mario%20Bros/badflower/12.png HTTP/1.1" 200 2480 "http://localhost:3001/home" "Mozilla/5.0 (Windows NT 10.0; Win64; x64) AppleWebKit/537.36 (KHTML, like Gecko) Chrome/84.0.4147.105 Safari/537.36"
::1 - - [05/Aug/2020:04:31:26 +0000] "GET /res/raw-assets/Texture/Super%20Mario%20Bros/badflower/13.png HTTP/1.1" 200 2403 "http://localhost:3001/home" "Mozilla/5.0 (Windows NT 10.0; Win64; x64) AppleWebKit/537.36 (KHTML, like Gecko) Chrome/84.0.4147.105 Safari/537.36"
::1 - - [05/Aug/2020:04:31:26 +0000] "GET /res/raw-assets/Texture/Super%20Mario%20Bros/badflower/8.png HTTP/1.1" 200 2368 "http://localhost:3001/home" "Mozilla/5.0 (Windows NT 10.0; Win64; x64) AppleWebKit/537.36 (KHTML, like Gecko) Chrome/84.0.4147.105 Safari/537.36"
::1 - - [05/Aug/2020:04:31:26 +0000] "GET /res/raw-assets/Texture/Super%20Mario%20Bros/badflower/14.png HTTP/1.1" 200 2787 "http://localhost:3001/home" "Mozilla/5.0 (Windows NT 10.0; Win64; x64) AppleWebKit/537.36 (KHTML, like Gecko) Chrome/84.0.4147.105 Safari/537.36"
::1 - - [05/Aug/2020:04:31:26 +0000] "GET /res/raw-assets/Texture/Super%20Mario%20Bros/badflower/15.png HTTP/1.1" 200 2650 "http://localhost:3001/home" "Mozilla/5.0 (Windows NT 10.0; Win64; x64) AppleWebKit/537.36 (KHTML, like Gecko) Chrome/84.0.4147.105 Safari/537.36"
::1 - - [05/Aug/2020:04:31:26 +0000] "GET /res/raw-assets/Texture/Super%20Mario%20Bros/badflower/16.png HTTP/1.1" 200 2876 "http://localhost:3001/home" "Mozilla/5.0 (Windows NT 10.0; Win64; x64) AppleWebKit/537.36 (KHTML, like Gecko) Chrome/84.0.4147.105 Safari/537.36"
::1 - - [05/Aug/2020:04:31:26 +0000] "GET /res/raw-assets/Texture/Super%20Mario%20Bros/badflower/17.png HTTP/1.1" 200 2669 "http://localhost:3001/home" "Mozilla/5.0 (Windows NT 10.0; Win64; x64) AppleWebKit/537.36 (KHTML, like Gecko) Chrome/84.0.4147.105 Safari/537.36"
::1 - - [05/Aug/2020:04:31:26 +0000] "GET /res/raw-assets/Texture/Super%20Mario%20Bros/badflower/18.png HTTP/1.1" 200 2709 "http://localhost:3001/home" "Mozilla/5.0 (Windows NT 10.0; Win64; x64) AppleWebKit/537.36 (KHTML, like Gecko) Chrome/84.0.4147.105 Safari/537.36"
::1 - - [05/Aug/2020:04:31:26 +0000] "GET /res/raw-assets/Texture/Super%20Mario%20Bros/badflower/19.png HTTP/1.1" 200 2596 "http://localhost:3001/home" "Mozilla/5.0 (Windows NT 10.0; Win64; x64) AppleWebKit/537.36 (KHTML, like Gecko) Chrome/84.0.4147.105 Safari/537.36"
::1 - - [05/Aug/2020:04:31:26 +0000] "GET /res/raw-assets/Texture/Super%20Mario%20Bros/badflower/20.png HTTP/1.1" 200 2528 "http://localhost:3001/home" "Mozilla/5.0 (Windows NT 10.0; Win64; x64) AppleWebKit/537.36 (KHTML, like Gecko) Chrome/84.0.4147.105 Safari/537.36"
::1 - - [05/Aug/2020:04:31:26 +0000] "GET /res/raw-assets/Texture/Super%20Mario%20Bros/badflower/21.png HTTP/1.1" 200 2524 "http://localhost:3001/home" "Mozilla/5.0 (Windows NT 10.0; Win64; x64) AppleWebKit/537.36 (KHTML, like Gecko) Chrome/84.0.4147.105 Safari/537.36"
::1 - - [05/Aug/2020:04:31:26 +0000] "GET /res/raw-assets/Texture/Super%20Mario%20Bros/badflower/22.png HTTP/1.1" 200 2592 "http://localhost:3001/home" "Mozilla/5.0 (Windows NT 10.0; Win64; x64) AppleWebKit/537.36 (KHTML, like Gecko) Chrome/84.0.4147.105 Safari/537.36"
::1 - - [05/Aug/2020:04:31:26 +0000] "GET /res/raw-assets/Texture/Super%20Mario%20Bros/badflower/23.png HTTP/1.1" 200 2256 "http://localhost:3001/home" "Mozilla/5.0 (Windows NT 10.0; Win64; x64) AppleWebKit/537.36 (KHTML, like Gecko) Chrome/84.0.4147.105 Safari/537.36"
::1 - - [05/Aug/2020:04:31:26 +0000] "GET /res/raw-assets/Texture/Super%20Mario%20Bros/badflower/24.png HTTP/1.1" 200 2418 "http://localhost:3001/home" "Mozilla/5.0 (Windows NT 10.0; Win64; x64) AppleWebKit/537.36 (KHTML, like Gecko) Chrome/84.0.4147.105 Safari/537.36"
::1 - - [05/Aug/2020:04:31:26 +0000] "GET /res/raw-assets/Texture/Super%20Mario%20Bros/badflower/25.png HTTP/1.1" 200 2350 "http://localhost:3001/home" "Mozilla/5.0 (Windows NT 10.0; Win64; x64) AppleWebKit/537.36 (KHTML, like Gecko) Chrome/84.0.4147.105 Safari/537.36"
::1 - - [05/Aug/2020:04:31:26 +0000] "GET /res/raw-assets/Texture/Super%20Mario%20Bros/badflower/26.png HTTP/1.1" 200 2288 "http://localhost:3001/home" "Mozilla/5.0 (Windows NT 10.0; Win64; x64) AppleWebKit/537.36 (KHTML, like Gecko) Chrome/84.0.4147.105 Safari/537.36"
::1 - - [05/Aug/2020:04:31:26 +0000] "GET /res/raw-assets/Texture/Super%20Mario%20Bros/badflower/27.png HTTP/1.1" 200 2151 "http://localhost:3001/home" "Mozilla/5.0 (Windows NT 10.0; Win64; x64) AppleWebKit/537.36 (KHTML, like Gecko) Chrome/84.0.4147.105 Safari/537.36"
::1 - - [05/Aug/2020:04:31:26 +0000] "GET /res/raw-assets/Texture/Super%20Mario%20Bros/badflower/28.png HTTP/1.1" 200 2010 "http://localhost:3001/home" "Mozilla/5.0 (Windows NT 10.0; Win64; x64) AppleWebKit/537.36 (KHTML, like Gecko) Chrome/84.0.4147.105 Safari/537.36"
::1 - - [05/Aug/2020:04:31:26 +0000] "GET /res/raw-assets/Texture/Super%20Mario%20Bros/badflower/29.png HTTP/1.1" 200 1954 "http://localhost:3001/home" "Mozilla/5.0 (Windows NT 10.0; Win64; x64) AppleWebKit/537.36 (KHTML, like Gecko) Chrome/84.0.4147.105 Safari/537.36"
::1 - - [05/Aug/2020:04:31:26 +0000] "GET /res/raw-assets/Texture/Super%20Mario%20Bros/badflower/30.png HTTP/1.1" 200 1840 "http://localhost:3001/home" "Mozilla/5.0 (Windows NT 10.0; Win64; x64) AppleWebKit/537.36 (KHTML, like Gecko) Chrome/84.0.4147.105 Safari/537.36"
::1 - - [05/Aug/2020:04:31:26 +0000] "GET /res/raw-assets/Texture/Super%20Mario%20Bros/badflower/34.png HTTP/1.1" 200 686 "http://localhost:3001/home" "Mozilla/5.0 (Windows NT 10.0; Win64; x64) AppleWebKit/537.36 (KHTML, like Gecko) Chrome/84.0.4147.105 Safari/537.36"
::1 - - [05/Aug/2020:04:31:26 +0000] "GET /res/raw-assets/Texture/Super%20Mario%20Bros/badflower/35.png HTTP/1.1" 200 657 "http://localhost:3001/home" "Mozilla/5.0 (Windows NT 10.0; Win64; x64) AppleWebKit/537.36 (KHTML, like Gecko) Chrome/84.0.4147.105 Safari/537.36"
::1 - - [05/Aug/2020:04:31:26 +0000] "GET /res/raw-assets/Texture/Super%20Mario%20Bros/badflower/31.png HTTP/1.1" 200 1788 "http://localhost:3001/home" "Mozilla/5.0 (Windows NT 10.0; Win64; x64) AppleWebKit/537.36 (KHTML, like Gecko) Chrome/84.0.4147.105 Safari/537.36"
::1 - - [05/Aug/2020:04:31:26 +0000] "GET /res/raw-assets/Texture/Super%20Mario%20Bros/badflower/33.png HTTP/1.1" 200 1201 "http://localhost:3001/home" "Mozilla/5.0 (Windows NT 10.0; Win64; x64) AppleWebKit/537.36 (KHTML, like Gecko) Chrome/84.0.4147.105 Safari/537.36"
::1 - - [05/Aug/2020:04:31:26 +0000] "GET /res/raw-assets/Texture/Super%20Mario%20Bros/badflower/32.png HTTP/1.1" 200 1570 "http://localhost:3001/home" "Mozilla/5.0 (Windows NT 10.0; Win64; x64) AppleWebKit/537.36 (KHTML, like Gecko) Chrome/84.0.4147.105 Safari/537.36"
::1 - - [05/Aug/2020:04:31:26 +0000] "GET /cocos2d-js-min.js HTTP/1.1" 200 1583007 "http://localhost:3001/home" "Mozilla/5.0 (Windows NT 10.0; Win64; x64) AppleWebKit/537.36 (KHTML, like Gecko) Chrome/84.0.4147.105 Safari/537.36"
::1 - - [05/Aug/2020:04:31:27 +0000] "GET /src/project.js HTTP/1.1" 200 10332 "http://localhost:3001/home" "Mozilla/5.0 (Windows NT 10.0; Win64; x64) AppleWebKit/537.36 (KHTML, like Gecko) Chrome/84.0.4147.105 Safari/537.36"
::1 - - [05/Aug/2020:04:31:27 +0000] "GET /res/import/0c/0c008bb79.json HTTP/1.1" 200 3021 "http://localhost:3001/home" "Mozilla/5.0 (Windows NT 10.0; Win64; x64) AppleWebKit/537.36 (KHTML, like Gecko) Chrome/84.0.4147.105 Safari/537.36"
::1 - - [05/Aug/2020:04:31:27 +0000] "GET /res/raw-assets/Texture/Super%20Mario%20Bros/welcome.jpg HTTP/1.1" 200 128386 "http://localhost:3001/home" "Mozilla/5.0 (Windows NT 10.0; Win64; x64) AppleWebKit/537.36 (KHTML, like Gecko) Chrome/84.0.4147.105 Safari/537.36"
::1 - - [05/Aug/2020:04:31:27 +0000] "GET /plugin/dash-player HTTP/1.1" 200 41226 "http://localhost:3001/home" "Mozilla/5.0 (Windows NT 10.0; Win64; x64) AppleWebKit/537.36 (KHTML, like Gecko) Chrome/84.0.4147.105 Safari/537.36"
::1 - - [05/Aug/2020:04:31:27 +0000] "GET /assets/css/main.css HTTP/1.1" 304 - "http://localhost:3001/plugin/dash-player" "Mozilla/5.0 (Windows NT 10.0; Win64; x64) AppleWebKit/537.36 (KHTML, like Gecko) Chrome/84.0.4147.105 Safari/537.36"
::1 - - [05/Aug/2020:04:31:27 +0000] "GET /assets/js/highlight.pack.js HTTP/1.1" 200 12560 "http://localhost:3001/plugin/dash-player" "Mozilla/5.0 (Windows NT 10.0; Win64; x64) AppleWebKit/537.36 (KHTML, like Gecko) Chrome/84.0.4147.105 Safari/537.36"
::1 - - [05/Aug/2020:04:31:27 +0000] "GET /assets/css/agate.css HTTP/1.1" 200 1384 "http://localhost:3001/plugin/dash-player" "Mozilla/5.0 (Windows NT 10.0; Win64; x64) AppleWebKit/537.36 (KHTML, like Gecko) Chrome/84.0.4147.105 Safari/537.36"
::1 - - [05/Aug/2020:04:31:27 +0000] "GET /assets/myPlugin/dash-player/index.css HTTP/1.1" 200 18382 "http://localhost:3001/plugin/dash-player" "Mozilla/5.0 (Windows NT 10.0; Win64; x64) AppleWebKit/537.36 (KHTML, like Gecko) Chrome/84.0.4147.105 Safari/537.36"
::1 - - [05/Aug/2020:04:31:27 +0000] "GET /assets/js/app.js HTTP/1.1" 304 - "http://localhost:3001/plugin/dash-player" "Mozilla/5.0 (Windows NT 10.0; Win64; x64) AppleWebKit/537.36 (KHTML, like Gecko) Chrome/84.0.4147.105 Safari/537.36"
::1 - - [05/Aug/2020:04:31:27 +0000] "GET /assets/myPlugin/dash-player/1280.jpg HTTP/1.1" 200 741480 "http://localhost:3001/plugin/dash-player" "Mozilla/5.0 (Windows NT 10.0; Win64; x64) AppleWebKit/537.36 (KHTML, like Gecko) Chrome/84.0.4147.105 Safari/537.36"
::1 - - [05/Aug/2020:04:31:32 +0000] "GET /assets/css/agate.css HTTP/1.1" 304 - "http://localhost:3001/plugin/dash-player" "Mozilla/5.0 (Windows NT 10.0; Win64; x64) AppleWebKit/537.36 (KHTML, like Gecko) Chrome/84.0.4147.105 Safari/537.36"
::1 - - [05/Aug/2020:04:31:32 +0000] "GET /assets/css/main.css HTTP/1.1" 304 - "http://localhost:3001/plugin/dash-player" "Mozilla/5.0 (Windows NT 10.0; Win64; x64) AppleWebKit/537.36 (KHTML, like Gecko) Chrome/84.0.4147.105 Safari/537.36"
::1 - - [05/Aug/2020:04:31:32 +0000] "GET /assets/myPlugin/dash-player/index.css HTTP/1.1" 304 - "http://localhost:3001/plugin/dash-player" "Mozilla/5.0 (Windows NT 10.0; Win64; x64) AppleWebKit/537.36 (KHTML, like Gecko) Chrome/84.0.4147.105 Safari/537.36"
::1 - - [05/Aug/2020:04:31:42 +0000] "GET /plugin/dash-player HTTP/1.1" 200 41226 "http://localhost:3001/home" "Mozilla/5.0 (Windows NT 10.0; Win64; x64) AppleWebKit/537.36 (KHTML, like Gecko) Chrome/84.0.4147.105 Safari/537.36"
::1 - - [05/Aug/2020:04:31:42 +0000] "GET /assets/js/highlight.pack.js HTTP/1.1" 200 12560 "http://localhost:3001/plugin/dash-player" "Mozilla/5.0 (Windows NT 10.0; Win64; x64) AppleWebKit/537.36 (KHTML, like Gecko) Chrome/84.0.4147.105 Safari/537.36"
::1 - - [05/Aug/2020:04:31:42 +0000] "GET /assets/css/agate.css HTTP/1.1" 200 1384 "http://localhost:3001/plugin/dash-player" "Mozilla/5.0 (Windows NT 10.0; Win64; x64) AppleWebKit/537.36 (KHTML, like Gecko) Chrome/84.0.4147.105 Safari/537.36"
::1 - - [05/Aug/2020:04:31:42 +0000] "GET /assets/css/main.css HTTP/1.1" 200 5020 "http://localhost:3001/plugin/dash-player" "Mozilla/5.0 (Windows NT 10.0; Win64; x64) AppleWebKit/537.36 (KHTML, like Gecko) Chrome/84.0.4147.105 Safari/537.36"
::1 - - [05/Aug/2020:04:31:42 +0000] "GET /assets/js/app.js HTTP/1.1" 200 351 "http://localhost:3001/plugin/dash-player" "Mozilla/5.0 (Windows NT 10.0; Win64; x64) AppleWebKit/537.36 (KHTML, like Gecko) Chrome/84.0.4147.105 Safari/537.36"
::1 - - [05/Aug/2020:04:31:42 +0000] "GET /assets/myPlugin/dash-player/index.css HTTP/1.1" 200 18382 "http://localhost:3001/plugin/dash-player" "Mozilla/5.0 (Windows NT 10.0; Win64; x64) AppleWebKit/537.36 (KHTML, like Gecko) Chrome/84.0.4147.105 Safari/537.36"
::1 - - [05/Aug/2020:04:31:42 +0000] "GET /assets/myPlugin/dash-player/1280.jpg HTTP/1.1" 200 741480 "http://localhost:3001/plugin/dash-player" "Mozilla/5.0 (Windows NT 10.0; Win64; x64) AppleWebKit/537.36 (KHTML, like Gecko) Chrome/84.0.4147.105 Safari/537.36"
::1 - - [05/Aug/2020:04:32:45 +0000] "GET /plugin/dash-player HTTP/1.1" 200 41226 "http://localhost:3001/home" "Mozilla/5.0 (Windows NT 10.0; Win64; x64) AppleWebKit/537.36 (KHTML, like Gecko) Chrome/84.0.4147.105 Safari/537.36"
::1 - - [05/Aug/2020:04:32:45 +0000] "GET /assets/js/highlight.pack.js HTTP/1.1" 200 12560 "http://localhost:3001/plugin/dash-player" "Mozilla/5.0 (Windows NT 10.0; Win64; x64) AppleWebKit/537.36 (KHTML, like Gecko) Chrome/84.0.4147.105 Safari/537.36"
::1 - - [05/Aug/2020:04:32:45 +0000] "GET /assets/css/agate.css HTTP/1.1" 200 1384 "http://localhost:3001/plugin/dash-player" "Mozilla/5.0 (Windows NT 10.0; Win64; x64) AppleWebKit/537.36 (KHTML, like Gecko) Chrome/84.0.4147.105 Safari/537.36"
::1 - - [05/Aug/2020:04:32:45 +0000] "GET /assets/myPlugin/dash-player/index.css HTTP/1.1" 200 18382 "http://localhost:3001/plugin/dash-player" "Mozilla/5.0 (Windows NT 10.0; Win64; x64) AppleWebKit/537.36 (KHTML, like Gecko) Chrome/84.0.4147.105 Safari/537.36"
::1 - - [05/Aug/2020:04:32:45 +0000] "GET /assets/js/app.js HTTP/1.1" 200 351 "http://localhost:3001/plugin/dash-player" "Mozilla/5.0 (Windows NT 10.0; Win64; x64) AppleWebKit/537.36 (KHTML, like Gecko) Chrome/84.0.4147.105 Safari/537.36"
::1 - - [05/Aug/2020:04:32:45 +0000] "GET /assets/css/main.css HTTP/1.1" 200 5020 "http://localhost:3001/plugin/dash-player" "Mozilla/5.0 (Windows NT 10.0; Win64; x64) AppleWebKit/537.36 (KHTML, like Gecko) Chrome/84.0.4147.105 Safari/537.36"
::1 - - [05/Aug/2020:04:32:45 +0000] "GET /assets/myPlugin/dash-player/1280.jpg HTTP/1.1" 200 741480 "http://localhost:3001/plugin/dash-player" "Mozilla/5.0 (Windows NT 10.0; Win64; x64) AppleWebKit/537.36 (KHTML, like Gecko) Chrome/84.0.4147.105 Safari/537.36"
::1 - - [05/Aug/2020:04:34:16 +0000] "GET /plugin/dash-player HTTP/1.1" 200 41225 "http://localhost:3001/home" "Mozilla/5.0 (Windows NT 10.0; Win64; x64) AppleWebKit/537.36 (KHTML, like Gecko) Chrome/84.0.4147.105 Safari/537.36"
::1 - - [05/Aug/2020:04:34:16 +0000] "GET /assets/js/highlight.pack.js HTTP/1.1" 200 12560 "http://localhost:3001/plugin/dash-player" "Mozilla/5.0 (Windows NT 10.0; Win64; x64) AppleWebKit/537.36 (KHTML, like Gecko) Chrome/84.0.4147.105 Safari/537.36"
::1 - - [05/Aug/2020:04:34:16 +0000] "GET /assets/css/agate.css HTTP/1.1" 200 1384 "http://localhost:3001/plugin/dash-player" "Mozilla/5.0 (Windows NT 10.0; Win64; x64) AppleWebKit/537.36 (KHTML, like Gecko) Chrome/84.0.4147.105 Safari/537.36"
::1 - - [05/Aug/2020:04:34:16 +0000] "GET /assets/css/main.css HTTP/1.1" 200 5020 "http://localhost:3001/plugin/dash-player" "Mozilla/5.0 (Windows NT 10.0; Win64; x64) AppleWebKit/537.36 (KHTML, like Gecko) Chrome/84.0.4147.105 Safari/537.36"
::1 - - [05/Aug/2020:04:34:16 +0000] "GET /assets/js/app.js HTTP/1.1" 200 351 "http://localhost:3001/plugin/dash-player" "Mozilla/5.0 (Windows NT 10.0; Win64; x64) AppleWebKit/537.36 (KHTML, like Gecko) Chrome/84.0.4147.105 Safari/537.36"
::1 - - [05/Aug/2020:04:34:16 +0000] "GET /assets/myPlugin/dash-player/index.css HTTP/1.1" 200 18382 "http://localhost:3001/plugin/dash-player" "Mozilla/5.0 (Windows NT 10.0; Win64; x64) AppleWebKit/537.36 (KHTML, like Gecko) Chrome/84.0.4147.105 Safari/537.36"
::1 - - [05/Aug/2020:04:34:16 +0000] "GET /assets/myPlugin/dash-player/1280.jpg HTTP/1.1" 200 741480 "http://localhost:3001/plugin/dash-player" "Mozilla/5.0 (Windows NT 10.0; Win64; x64) AppleWebKit/537.36 (KHTML, like Gecko) Chrome/84.0.4147.105 Safari/537.36"
::1 - - [05/Aug/2020:04:35:32 +0000] "GET /plugin/dash-player HTTP/1.1" 200 41225 "http://localhost:3001/home" "Mozilla/5.0 (Windows NT 10.0; Win64; x64) AppleWebKit/537.36 (KHTML, like Gecko) Chrome/84.0.4147.105 Safari/537.36"
::1 - - [05/Aug/2020:04:35:32 +0000] "GET /assets/js/highlight.pack.js HTTP/1.1" 200 12560 "http://localhost:3001/plugin/dash-player" "Mozilla/5.0 (Windows NT 10.0; Win64; x64) AppleWebKit/537.36 (KHTML, like Gecko) Chrome/84.0.4147.105 Safari/537.36"
::1 - - [05/Aug/2020:04:35:32 +0000] "GET /assets/css/agate.css HTTP/1.1" 200 1384 "http://localhost:3001/plugin/dash-player" "Mozilla/5.0 (Windows NT 10.0; Win64; x64) AppleWebKit/537.36 (KHTML, like Gecko) Chrome/84.0.4147.105 Safari/537.36"
::1 - - [05/Aug/2020:04:35:32 +0000] "GET /assets/css/main.css HTTP/1.1" 200 5020 "http://localhost:3001/plugin/dash-player" "Mozilla/5.0 (Windows NT 10.0; Win64; x64) AppleWebKit/537.36 (KHTML, like Gecko) Chrome/84.0.4147.105 Safari/537.36"
::1 - - [05/Aug/2020:04:35:32 +0000] "GET /assets/myPlugin/dash-player/index.css HTTP/1.1" 200 18371 "http://localhost:3001/plugin/dash-player" "Mozilla/5.0 (Windows NT 10.0; Win64; x64) AppleWebKit/537.36 (KHTML, like Gecko) Chrome/84.0.4147.105 Safari/537.36"
::1 - - [05/Aug/2020:04:35:32 +0000] "GET /assets/js/app.js HTTP/1.1" 200 351 "http://localhost:3001/plugin/dash-player" "Mozilla/5.0 (Windows NT 10.0; Win64; x64) AppleWebKit/537.36 (KHTML, like Gecko) Chrome/84.0.4147.105 Safari/537.36"
::1 - - [05/Aug/2020:04:35:32 +0000] "GET /assets/myPlugin/dash-player/1280.jpg HTTP/1.1" 200 741480 "http://localhost:3001/plugin/dash-player" "Mozilla/5.0 (Windows NT 10.0; Win64; x64) AppleWebKit/537.36 (KHTML, like Gecko) Chrome/84.0.4147.105 Safari/537.36"
